# JRE version: OpenJDK Runtime Environment (21.0.7) (build 21.0.7+-13880790-b1038.58)
# Java VM: OpenJDK 64-Bit Server VM (21.0.7+-13880790-b1038.58, mixed mode, tiered, compressed oops, compressed class ptrs, g1 gc, windows-amd64)
GC Precious Log:
 CardTable entry size: 512
 Card Set container configuration: InlinePtr #cards 5 size 8 Array Of Cards #cards 12 size 40 Howl #buckets 4 coarsen threshold 1843 Howl Bitmap #cards 512 size 80 coarsen threshold 460 Card regions per heap region 1 cards per card region 2048
 CPUs: 8 total, 8 available
 Memory: 8033M
 Large Page Support: Disabled
 NUMA Support: Disabled
 Compressed Oops: Enabled (32-bit)
 Heap Region Size: 1M
 Heap Min Capacity: 8M
 Heap Initial Capacity: 126M
 Heap Max Capacity: 2G
 Pre-touch: Disabled
 Parallel Workers: 8
 Concurrent Workers: 2
 Concurrent Refinement Workers: 8
 Periodic GC: Disabled
Heap:
 garbage-first heap   total 429056K, used 300012K [0x0000000080000000, 0x0000000100000000)
  region size 1024K, 54 young (55296K), 11 survivors (11264K)
 Metaspace       used 210522K, committed 213504K, reserved 1245184K
  class space    used 27404K, committed 28864K, reserved 1048576K
GC Heap History (20 events):
Event: 73.915 GC heap before
{Heap before GC invocations=57 (full 0):
 garbage-first heap   total 352256K, used 296913K [0x0000000080000000, 0x0000000100000000)
  region size 1024K, 88 young (90112K), 3 survivors (3072K)
 Metaspace       used 162330K, committed 164864K, reserved 1245184K
  class space    used 21302K, committed 22528K, reserved 1048576K
}
Event: 73.928 GC heap after
{Heap after GC invocations=58 (full 0):
 garbage-first heap   total 352256K, used 215731K [0x0000000080000000, 0x0000000100000000)
  region size 1024K, 8 young (8192K), 8 survivors (8192K)
 Metaspace       used 162330K, committed 164864K, reserved 1245184K
  class space    used 21302K, committed 22528K, reserved 1048576K
}
Event: 75.889 GC heap before
{Heap before GC invocations=58 (full 0):
 garbage-first heap   total 352256K, used 322227K [0x0000000080000000, 0x0000000100000000)
  region size 1024K, 111 young (113664K), 8 survivors (8192K)
 Metaspace       used 162771K, committed 165312K, reserved 1245184K
  class space    used 21316K, committed 22592K, reserved 1048576K
}
Event: 75.913 GC heap after
{Heap after GC invocations=59 (full 0):
 garbage-first heap   total 352256K, used 221167K [0x0000000080000000, 0x0000000100000000)
  region size 1024K, 14 young (14336K), 14 survivors (14336K)
 Metaspace       used 162771K, committed 165312K, reserved 1245184K
  class space    used 21316K, committed 22592K, reserved 1048576K
}
Event: 80.976 GC heap before
{Heap before GC invocations=59 (full 0):
 garbage-first heap   total 352256K, used 315375K [0x0000000080000000, 0x0000000100000000)
  region size 1024K, 107 young (109568K), 14 survivors (14336K)
 Metaspace       used 169453K, committed 172032K, reserved 1245184K
  class space    used 21933K, committed 23168K, reserved 1048576K
}
Event: 81.003 GC heap after
{Heap after GC invocations=60 (full 0):
 garbage-first heap   total 352256K, used 230822K [0x0000000080000000, 0x0000000100000000)
  region size 1024K, 9 young (9216K), 9 survivors (9216K)
 Metaspace       used 169453K, committed 172032K, reserved 1245184K
  class space    used 21933K, committed 23168K, reserved 1048576K
}
Event: 84.654 GC heap before
{Heap before GC invocations=61 (full 0):
 garbage-first heap   total 388096K, used 322982K [0x0000000080000000, 0x0000000100000000)
  region size 1024K, 98 young (100352K), 9 survivors (9216K)
 Metaspace       used 176008K, committed 178624K, reserved 1245184K
  class space    used 23017K, committed 24320K, reserved 1048576K
}
Event: 84.673 GC heap after
{Heap after GC invocations=62 (full 0):
 garbage-first heap   total 388096K, used 234320K [0x0000000080000000, 0x0000000100000000)
  region size 1024K, 4 young (4096K), 4 survivors (4096K)
 Metaspace       used 176008K, committed 178624K, reserved 1245184K
  class space    used 23017K, committed 24320K, reserved 1048576K
}
Event: 89.134 GC heap before
{Heap before GC invocations=62 (full 0):
 garbage-first heap   total 388096K, used 363344K [0x0000000080000000, 0x0000000100000000)
  region size 1024K, 129 young (132096K), 4 survivors (4096K)
 Metaspace       used 182368K, committed 185152K, reserved 1245184K
  class space    used 23961K, committed 25344K, reserved 1048576K
}
Event: 89.150 GC heap after
{Heap after GC invocations=63 (full 0):
 garbage-first heap   total 388096K, used 237897K [0x0000000080000000, 0x0000000100000000)
  region size 1024K, 12 young (12288K), 12 survivors (12288K)
 Metaspace       used 182368K, committed 185152K, reserved 1245184K
  class space    used 23961K, committed 25344K, reserved 1048576K
}
Event: 96.495 GC heap before
{Heap before GC invocations=63 (full 0):
 garbage-first heap   total 388096K, used 354633K [0x0000000080000000, 0x0000000100000000)
  region size 1024K, 126 young (129024K), 12 survivors (12288K)
 Metaspace       used 182591K, committed 185344K, reserved 1245184K
  class space    used 23980K, committed 25344K, reserved 1048576K
}
Event: 96.524 GC heap after
{Heap after GC invocations=64 (full 0):
 garbage-first heap   total 388096K, used 239940K [0x0000000080000000, 0x0000000100000000)
  region size 1024K, 14 young (14336K), 14 survivors (14336K)
 Metaspace       used 182591K, committed 185344K, reserved 1245184K
  class space    used 23980K, committed 25344K, reserved 1048576K
}
Event: 98.296 GC heap before
{Heap before GC invocations=64 (full 0):
 garbage-first heap   total 388096K, used 255300K [0x0000000080000000, 0x0000000100000000)
  region size 1024K, 31 young (31744K), 14 survivors (14336K)
 Metaspace       used 183009K, committed 185792K, reserved 1245184K
  class space    used 24026K, committed 25408K, reserved 1048576K
}
Event: 98.313 GC heap after
{Heap after GC invocations=65 (full 0):
 garbage-first heap   total 388096K, used 241278K [0x0000000080000000, 0x0000000100000000)
  region size 1024K, 10 young (10240K), 10 survivors (10240K)
 Metaspace       used 183009K, committed 185792K, reserved 1245184K
  class space    used 24026K, committed 25408K, reserved 1048576K
}
Event: 104.724 GC heap before
{Heap before GC invocations=66 (full 0):
 garbage-first heap   total 403456K, used 353918K [0x0000000080000000, 0x0000000100000000)
  region size 1024K, 121 young (123904K), 10 survivors (10240K)
 Metaspace       used 194298K, committed 197120K, reserved 1245184K
  class space    used 25514K, committed 26880K, reserved 1048576K
}
Event: 104.744 GC heap after
{Heap after GC invocations=67 (full 0):
 garbage-first heap   total 403456K, used 243626K [0x0000000080000000, 0x0000000100000000)
  region size 1024K, 7 young (7168K), 7 survivors (7168K)
 Metaspace       used 194298K, committed 197120K, reserved 1245184K
  class space    used 25514K, committed 26880K, reserved 1048576K
}
Event: 113.743 GC heap before
{Heap before GC invocations=67 (full 0):
 garbage-first heap   total 403456K, used 378794K [0x0000000080000000, 0x0000000100000000)
  region size 1024K, 135 young (138240K), 7 survivors (7168K)
 Metaspace       used 203540K, committed 206400K, reserved 1245184K
  class space    used 26549K, committed 27968K, reserved 1048576K
}
Event: 113.774 GC heap after
{Heap after GC invocations=68 (full 0):
 garbage-first heap   total 403456K, used 245760K [0x0000000080000000, 0x0000000100000000)
  region size 1024K, 17 young (17408K), 17 survivors (17408K)
 Metaspace       used 203540K, committed 206400K, reserved 1245184K
  class space    used 26549K, committed 27968K, reserved 1048576K
}
Event: 140.388 GC heap before
{Heap before GC invocations=68 (full 0):
 garbage-first heap   total 403456K, used 364544K [0x0000000080000000, 0x0000000100000000)
  region size 1024K, 133 young (136192K), 17 survivors (17408K)
 Metaspace       used 209865K, committed 212800K, reserved 1245184K
  class space    used 27358K, committed 28800K, reserved 1048576K
}
Event: 140.506 GC heap after
{Heap after GC invocations=69 (full 0):
 garbage-first heap   total 403456K, used 257004K [0x0000000080000000, 0x0000000100000000)
  region size 1024K, 11 young (11264K), 11 survivors (11264K)
 Metaspace       used 209865K, committed 212800K, reserved 1245184K
  class space    used 27358K, committed 28800K, reserved 1048576K
}

